<?xml version="1.0" encoding="UTF-8"?>
<!-- Generated by org.testng.reporters.JUnitReportReporter -->
<testsuite name="testPackage2.VerifyCmLogin" tests="2" time="5.298" ignored="0" failures="0" timestamp="09 Apr 2018 10:52:11 GMT" skipped="0" hostname="EXIND3901" errors="0">
  <testcase name="openURL_CM" time="3.147" classname="testPackage2.VerifyCmLogin"/>
  <testcase name="cmLogin" time="2.151" classname="testPackage2.VerifyCmLogin"/>
</testsuite> <!-- testPackage2.VerifyCmLogin -->
