<?xml version="1.0" encoding="UTF-8"?>
<!-- Generated by org.testng.reporters.JUnitReportReporter -->
<testsuite name="testPackage1.VerifyCsoLogin" tests="2" time="20.018" ignored="0" failures="0" timestamp="03 Apr 2018 12:14:56 GMT" skipped="0" hostname="EXIND3901" errors="0">
  <testcase name="csoLogin" time="12.616" classname="testPackage1.VerifyCsoLogin"/>
  <testcase name="openURL_CSO" time="7.402" classname="testPackage1.VerifyCsoLogin"/>
</testsuite> <!-- testPackage1.VerifyCsoLogin -->
