<?xml version="1.0" encoding="UTF-8"?>
<!-- Generated by org.testng.reporters.JUnitReportReporter -->
<testsuite name="frameworkPackage.DriverClass" tests="1" time="35.981" ignored="0" failures="0" timestamp="06 Apr 2018 13:35:18 GMT" skipped="0" hostname="EXIND3901" errors="0">
  <testcase name="DriverMethod" time="35.981" classname="frameworkPackage.DriverClass"/>
</testsuite> <!-- frameworkPackage.DriverClass -->
