<?xml version="1.0" encoding="UTF-8"?>
<!-- Generated by org.testng.reporters.JUnitReportReporter -->
<testsuite name="parallelTestScenario.VerifyCustomerCreation2" tests="3" time="22.884" ignored="0" failures="0" timestamp="22 May 2018 12:17:38 GMT" skipped="0" hostname="EXIND3901" errors="0">
  <testcase name="cmLogin" time="2.918" classname="parallelTestScenario.VerifyCustomerCreation2"/>
  <testcase name="customerCreation" time="16.754" classname="parallelTestScenario.VerifyCustomerCreation2"/>
  <testcase name="openURL_CM" time="3.212" classname="parallelTestScenario.VerifyCustomerCreation2"/>
</testsuite> <!-- parallelTestScenario.VerifyCustomerCreation2 -->
