<?xml version="1.0" encoding="UTF-8"?>
<!-- Generated by org.testng.reporters.JUnitReportReporter -->
<testsuite name="testPackage1.VerifyCustomerCreation" tests="2" time="17.554" ignored="0" failures="0" timestamp="04 Apr 2018 10:06:29 GMT" skipped="0" hostname="EXIND3901" errors="0">
  <testcase name="customerCreation" time="14.043" classname="testPackage1.VerifyCustomerCreation"/>
  <testcase name="cmLogin" time="3.511" classname="testPackage1.VerifyCustomerCreation"/>
</testsuite> <!-- testPackage1.VerifyCustomerCreation -->
