<?xml version="1.0" encoding="UTF-8"?>
<!-- Generated by org.testng.reporters.JUnitReportReporter -->
<testsuite name="centuryOrderCreation.VerifyOrderSubmission" tests="11" time="92.407" ignored="0" failures="0" timestamp="24 May 2018 10:06:57 GMT" skipped="0" hostname="EXIND3010-98" errors="0">
  <testcase name="accountCreation_PrimaryContact" time="5.413" classname="centuryOrderCreation.VerifyOrderSubmission"/>
  <testcase name="addressCreation" time="13.074" classname="centuryOrderCreation.VerifyOrderSubmission"/>
  <testcase name="openURL_CM" time="5.641" classname="centuryOrderCreation.VerifyOrderSubmission"/>
  <testcase name="cmLogin" time="2.550" classname="centuryOrderCreation.VerifyOrderSubmission"/>
  <testcase name="cmLogout" time="0.745" classname="centuryOrderCreation.VerifyOrderSubmission"/>
  <testcase name="accountCreation_Billing" time="8.195" classname="centuryOrderCreation.VerifyOrderSubmission"/>
  <testcase name="accountCreation_Service" time="5.417" classname="centuryOrderCreation.VerifyOrderSubmission"/>
  <testcase name="customerCreation" time="15.697" classname="centuryOrderCreation.VerifyOrderSubmission"/>
  <testcase name="serviceConfiguration" time="22.443" classname="centuryOrderCreation.VerifyOrderSubmission"/>
  <testcase name="orderSummary" time="4.991" classname="centuryOrderCreation.VerifyOrderSubmission"/>
  <testcase name="address_SiteTechnicalContact" time="8.241" classname="centuryOrderCreation.VerifyOrderSubmission"/>
</testsuite> <!-- centuryOrderCreation.VerifyOrderSubmission -->
