<?xml version="1.0" encoding="UTF-8"?>
<!-- Generated by org.testng.reporters.JUnitReportReporter -->
<testsuite name="testPackage2.VerifyOrderSubmission" tests="9" time="97.057" ignored="1" failures="0" timestamp="03 Apr 2018 09:27:58 GMT" skipped="0" hostname="EXIND3901" errors="0">
  <testcase name="addressCreation" time="11.261" classname="testPackage2.VerifyOrderSubmission"/>
  <testcase name="address_SiteTechnicalContact" time="8.630" classname="testPackage2.VerifyOrderSubmission"/>
  <testcase name="serviceConfiguration" time="32.260" classname="testPackage2.VerifyOrderSubmission"/>
  <testcase name="cmLogin" time="6.304" classname="testPackage2.VerifyOrderSubmission"/>
  <testcase name="orderSummary" time="6.049" classname="testPackage2.VerifyOrderSubmission"/>
  <testcase name="customerCreation" time="12.890" classname="testPackage2.VerifyOrderSubmission"/>
  <testcase name="accountCreation_Billing" time="7.900" classname="testPackage2.VerifyOrderSubmission"/>
  <testcase name="accountCreation_Service" time="5.910" classname="testPackage2.VerifyOrderSubmission"/>
  <testcase name="accountCreation_PrimaryContact" time="5.853" classname="testPackage2.VerifyOrderSubmission"/>
  <testcase name="cmLogout" classname="testPackage2.VerifyOrderSubmission">
    <skipped/>
  </testcase> <!-- cmLogout -->
</testsuite> <!-- testPackage2.VerifyOrderSubmission -->
