<?xml version="1.0" encoding="UTF-8"?>
<!-- Generated by org.testng.reporters.JUnitReportReporter -->
<testsuite name="testPackage2.VerifyCmLogin" tests="2" time="7.728" ignored="0" failures="0" timestamp="10 Apr 2018 07:33:14 GMT" skipped="0" hostname="EXIND3901" errors="0">
  <testcase name="cmLogin" time="2.213" classname="testPackage2.VerifyCmLogin"/>
  <testcase name="openURL_CM" time="5.515" classname="testPackage2.VerifyCmLogin"/>
</testsuite> <!-- testPackage2.VerifyCmLogin -->
