<?xml version="1.0" encoding="UTF-8"?>
<!-- Generated by org.testng.reporters.JUnitReportReporter -->
<testsuite name="testPackage1.VerifyCmLogout" tests="3" time="12.379" ignored="0" failures="0" timestamp="21 May 2018 11:48:42 GMT" skipped="0" hostname="EXIND3901" errors="0">
  <testcase name="cmLogout" time="6.358" classname="testPackage1.VerifyCmLogout"/>
  <testcase name="cmLogin" time="3.101" classname="testPackage1.VerifyCmLogout"/>
  <testcase name="openURL_CM" time="2.920" classname="testPackage1.VerifyCmLogout"/>
</testsuite> <!-- testPackage1.VerifyCmLogout -->
