<?xml version="1.0" encoding="UTF-8"?>
<!-- Generated by org.testng.reporters.JUnitReportReporter -->
<testsuite name="sanityTestCases.VerifyCmLogin" tests="2" time="7.525" ignored="0" failures="0" timestamp="22 May 2018 12:18:54 GMT" skipped="0" hostname="EXIND3901" errors="0">
  <testcase name="cmLogin" time="1.979" classname="sanityTestCases.VerifyCmLogin"/>
  <testcase name="openURL_CM" time="5.546" classname="sanityTestCases.VerifyCmLogin"/>
</testsuite> <!-- sanityTestCases.VerifyCmLogin -->
