<?xml version="1.0" encoding="UTF-8"?>
<!-- Generated by org.testng.reporters.JUnitReportReporter -->
<testsuite name="testPackage1.VerifyCustomerCreation2" tests="2" time="18.053" ignored="0" failures="0" timestamp="04 Apr 2018 10:06:29 GMT" skipped="0" hostname="EXIND3901" errors="0">
  <testcase name="cmLogin" time="3.413" classname="testPackage1.VerifyCustomerCreation2"/>
  <testcase name="customerCreation" time="14.640" classname="testPackage1.VerifyCustomerCreation2"/>
</testsuite> <!-- testPackage1.VerifyCustomerCreation2 -->
