<?xml version="1.0" encoding="UTF-8"?>
<!-- Generated by org.testng.reporters.JUnitReportReporter -->
<testsuite name="frameworkPackage.DriverClass" tests="1" time="183.049" ignored="0" failures="0" timestamp="03 Apr 2018 12:15:10 GMT" skipped="0" hostname="EXIND3901" errors="0">
  <testcase name="DriverMethod" time="183.049" classname="frameworkPackage.DriverClass"/>
</testsuite> <!-- frameworkPackage.DriverClass -->
