<?xml version="1.0" encoding="UTF-8"?>
<!-- Generated by org.testng.reporters.JUnitReportReporter -->
<testsuite name="testPackage1.VerifyCmLogout" tests="4" time="0.003" ignored="0" failures="0" timestamp="13 Apr 2018 07:16:47 GMT" skipped="3" hostname="EXIND3901" errors="1">
  <testcase name="cmLogin" time="0.001" classname="testPackage1.VerifyCmLogout">
    <skipped/>
  </testcase> <!-- cmLogin -->
  <testcase name="cmLogout" time="0.001" classname="testPackage1.VerifyCmLogout">
    <skipped/>
  </testcase> <!-- cmLogout -->
  <testcase name="beforeTestClass" time="0.000" classname="testPackage1.VerifyCmLogout">
    <error type="java.lang.NullPointerException">
      <![CDATA[java.lang.NullPointerException
	at testPackage1.VerifyCmLogout.beforeTestClass(VerifyCmLogout.java:21)
	at sun.reflect.NativeMethodAccessorImpl.invoke0(Native Method)
	at sun.reflect.NativeMethodAccessorImpl.invoke(Unknown Source)
	at sun.reflect.DelegatingMethodAccessorImpl.invoke(Unknown Source)
	at java.lang.reflect.Method.invoke(Unknown Source)
	at org.testng.internal.MethodInvocationHelper.invokeMethod(MethodInvocationHelper.java:104)
	at org.testng.internal.Invoker.invokeConfigurationMethod(Invoker.java:515)
	at org.testng.internal.Invoker.invokeConfigurations(Invoker.java:217)
	at org.testng.internal.Invoker.invokeConfigurations(Invoker.java:144)
	at org.testng.internal.TestMethodWorker.invokeBeforeClassMethods(TestMethodWorker.java:169)
	at org.testng.internal.TestMethodWorker.run(TestMethodWorker.java:108)
	at org.testng.TestRunner.privateRun(TestRunner.java:756)
	at org.testng.TestRunner.run(TestRunner.java:610)
	at org.testng.SuiteRunner.runTest(SuiteRunner.java:387)
	at org.testng.SuiteRunner.runSequentially(SuiteRunner.java:382)
	at org.testng.SuiteRunner.privateRun(SuiteRunner.java:340)
	at org.testng.SuiteRunner.run(SuiteRunner.java:289)
	at org.testng.SuiteRunnerWorker.runSuite(SuiteRunnerWorker.java:52)
	at org.testng.SuiteRunnerWorker.run(SuiteRunnerWorker.java:86)
	at org.testng.TestNG.runSuitesSequentially(TestNG.java:1293)
	at org.testng.TestNG.runSuitesLocally(TestNG.java:1218)
	at org.testng.TestNG.runSuites(TestNG.java:1133)
	at org.testng.TestNG.run(TestNG.java:1104)
	at org.testng.remote.AbstractRemoteTestNG.run(AbstractRemoteTestNG.java:114)
	at org.testng.remote.RemoteTestNG.initAndRun(RemoteTestNG.java:251)
	at org.testng.remote.RemoteTestNG.main(RemoteTestNG.java:77)
]]>
    </error>
  </testcase> <!-- beforeTestClass -->
  <testcase name="openURL_CM" time="0.001" classname="testPackage1.VerifyCmLogout">
    <skipped/>
  </testcase> <!-- openURL_CM -->
</testsuite> <!-- testPackage1.VerifyCmLogout -->
