<?xml version="1.0" encoding="UTF-8"?>
<!-- Generated by org.testng.reporters.JUnitReportReporter -->
<testsuite name="testPackage2.VerifyCmLogin" tests="1" time="5.927" ignored="0" failures="0" timestamp="04 Apr 2018 06:08:22 GMT" skipped="0" hostname="EXIND3901" errors="0">
  <testcase name="cmLogin" time="5.927" classname="testPackage2.VerifyCmLogin"/>
</testsuite> <!-- testPackage2.VerifyCmLogin -->
