<?xml version="1.0" encoding="UTF-8"?>
<!-- Generated by org.testng.reporters.JUnitReportReporter -->
<testsuite name="frameworkPackage.TestDriverClass" tests="1" time="66.694" ignored="0" failures="0" timestamp="03 Apr 2018 12:09:51 GMT" skipped="0" hostname="EXIND3901" errors="0">
  <testcase name="TestDriverMethod" time="66.694" classname="frameworkPackage.TestDriverClass"/>
</testsuite> <!-- frameworkPackage.TestDriverClass -->
