<?xml version="1.0" encoding="UTF-8"?>
<!-- Generated by org.testng.reporters.JUnitReportReporter -->
<testsuite name="frameworkPackage.DriverClass" tests="1" time="23.402" ignored="0" failures="0" timestamp="09 Apr 2018 10:52:11 GMT" skipped="0" hostname="EXIND3901" errors="0">
  <testcase name="DriverMethod" time="23.402" classname="frameworkPackage.DriverClass"/>
</testsuite> <!-- frameworkPackage.DriverClass -->
