<?xml version="1.0" encoding="UTF-8"?>
<!-- Generated by org.testng.reporters.JUnitReportReporter -->
<testsuite name="testPackage2.VerifyOrderSubmission" tests="9" time="80.455" ignored="1" failures="0" timestamp="27 Mar 2018 11:09:05 GMT" skipped="0" hostname="EXIND3901" errors="0">
  <testcase name="addressCreation" time="9.609" classname="testPackage2.VerifyOrderSubmission"/>
  <testcase name="address_SiteTechnicalContact" time="8.400" classname="testPackage2.VerifyOrderSubmission"/>
  <testcase name="serviceConfiguration" time="19.906" classname="testPackage2.VerifyOrderSubmission"/>
  <testcase name="cmLogin" time="5.434" classname="testPackage2.VerifyOrderSubmission"/>
  <testcase name="orderSummary" time="4.979" classname="testPackage2.VerifyOrderSubmission"/>
  <testcase name="customerCreation" time="13.313" classname="testPackage2.VerifyOrderSubmission"/>
  <testcase name="accountCreation_Billing" time="7.667" classname="testPackage2.VerifyOrderSubmission"/>
  <testcase name="accountCreation_Service" time="5.742" classname="testPackage2.VerifyOrderSubmission"/>
  <testcase name="accountCreation_PrimaryContact" time="5.405" classname="testPackage2.VerifyOrderSubmission"/>
  <testcase name="cmLogout" classname="testPackage2.VerifyOrderSubmission">
    <skipped/>
  </testcase> <!-- cmLogout -->
</testsuite> <!-- testPackage2.VerifyOrderSubmission -->
