<?xml version="1.0" encoding="UTF-8"?>
<!-- Generated by org.testng.reporters.JUnitReportReporter -->
<testsuite name="testPackage2.VerifyCsoLogin" tests="2" time="17.030" ignored="0" failures="0" timestamp="06 Apr 2018 13:57:51 GMT" skipped="0" hostname="EXIND3901" errors="0">
  <testcase name="openURL_CSO" time="5.568" classname="testPackage2.VerifyCsoLogin"/>
  <testcase name="csoLogin" time="11.462" classname="testPackage2.VerifyCsoLogin"/>
</testsuite> <!-- testPackage2.VerifyCsoLogin -->
