<?xml version="1.0" encoding="UTF-8"?>
<!-- Generated by org.testng.reporters.JUnitReportReporter -->
<testsuite name="sanityTestCases.VerifyCmLogin" tests="2" time="7.293" ignored="0" failures="0" timestamp="24 May 2018 13:55:01 GMT" skipped="0" hostname="EXIND3010-98" errors="0">
  <testcase name="openURL_CM" time="5.472" classname="sanityTestCases.VerifyCmLogin"/>
  <testcase name="cmLogin" time="1.821" classname="sanityTestCases.VerifyCmLogin"/>
</testsuite> <!-- sanityTestCases.VerifyCmLogin -->
