<?xml version="1.0" encoding="UTF-8"?>
<!-- Generated by org.testng.reporters.JUnitReportReporter -->
<testsuite name="parallelTestScenario.VerifyCustomerCreation" tests="3" time="23.152" ignored="0" failures="0" timestamp="22 May 2018 12:17:38 GMT" skipped="0" hostname="EXIND3901" errors="0">
  <testcase name="customerCreation" time="17.185" classname="parallelTestScenario.VerifyCustomerCreation"/>
  <testcase name="cmLogin" time="2.755" classname="parallelTestScenario.VerifyCustomerCreation"/>
  <testcase name="openURL_CM" time="3.212" classname="parallelTestScenario.VerifyCustomerCreation"/>
</testsuite> <!-- parallelTestScenario.VerifyCustomerCreation -->
