<?xml version="1.0" encoding="UTF-8"?>
<!-- Generated by org.testng.reporters.JUnitReportReporter -->
<testsuite name="testPackage1.VerifyCsoLogin" tests="2" time="18.127" ignored="0" failures="0" timestamp="04 Apr 2018 10:52:02 GMT" skipped="0" hostname="EXIND3901" errors="0">
  <testcase name="csoLogin" time="11.547" classname="testPackage1.VerifyCsoLogin"/>
  <testcase name="openURL_CSO" time="6.580" classname="testPackage1.VerifyCsoLogin"/>
</testsuite> <!-- testPackage1.VerifyCsoLogin -->
