<?xml version="1.0" encoding="UTF-8"?>
<!-- Generated by org.testng.reporters.JUnitReportReporter -->
<testsuite name="frameworkPackage.DriverClass" tests="1" time="96.520" ignored="0" failures="0" timestamp="06 Apr 2018 10:59:03 GMT" skipped="0" hostname="EXIND3901" errors="0">
  <testcase name="DriverMethod" time="96.520" classname="frameworkPackage.DriverClass"/>
</testsuite> <!-- frameworkPackage.DriverClass -->
