<?xml version="1.0" encoding="UTF-8"?>
<!-- Generated by org.testng.reporters.JUnitReportReporter -->
<testsuite name="testPackage2.VerifyCmLogin" tests="2" time="7.889" ignored="0" failures="0" timestamp="16 Apr 2018 06:57:37 GMT" skipped="0" hostname="EXIND3901" errors="0">
  <testcase name="openURL_CM" time="5.527" classname="testPackage2.VerifyCmLogin"/>
  <testcase name="cmLogin" time="2.362" classname="testPackage2.VerifyCmLogin"/>
</testsuite> <!-- testPackage2.VerifyCmLogin -->
