<?xml version="1.0" encoding="UTF-8"?>
<!-- Generated by org.testng.reporters.JUnitReportReporter -->
<testsuite name="testPackage2.VerifyCmLogin" tests="1" time="9.411" ignored="0" failures="0" timestamp="26 Mar 2018 10:54:37 GMT" skipped="0" hostname="EXIND3901" errors="0">
  <testcase name="cmLogin" time="9.411" classname="testPackage2.VerifyCmLogin"/>
</testsuite> <!-- testPackage2.VerifyCmLogin -->
