<?xml version="1.0" encoding="UTF-8"?>
<!-- Generated by org.testng.reporters.JUnitReportReporter -->
<testsuite name="testPackage2.VerifyCmLogin" tests="2" time="7.881" ignored="0" failures="0" timestamp="10 Apr 2018 14:26:47 GMT" skipped="0" hostname="EXIND3901" errors="0">
  <testcase name="cmLogin" time="2.322" classname="testPackage2.VerifyCmLogin"/>
  <testcase name="openURL_CM" time="5.559" classname="testPackage2.VerifyCmLogin"/>
</testsuite> <!-- testPackage2.VerifyCmLogin -->
