<?xml version="1.0" encoding="UTF-8"?>
<!-- Generated by org.testng.reporters.JUnitReportReporter -->
<testsuite name="testPackage2.VerifyCmLogin" tests="1" time="3.976" ignored="0" failures="0" timestamp="04 Apr 2018 10:51:57 GMT" skipped="0" hostname="EXIND3901" errors="0">
  <testcase name="cmLogin" time="3.976" classname="testPackage2.VerifyCmLogin"/>
</testsuite> <!-- testPackage2.VerifyCmLogin -->
