<?xml version="1.0" encoding="UTF-8"?>
<!-- Generated by org.testng.reporters.JUnitReportReporter -->
<testsuite name="testPackage2.VerifyCsoLogin" tests="2" time="16.912" ignored="0" failures="0" timestamp="06 Apr 2018 13:35:18 GMT" skipped="0" hostname="EXIND3901" errors="0">
  <testcase name="csoLogin" time="11.361" classname="testPackage2.VerifyCsoLogin"/>
  <testcase name="openURL_CSO" time="5.551" classname="testPackage2.VerifyCsoLogin"/>
</testsuite> <!-- testPackage2.VerifyCsoLogin -->
