<?xml version="1.0" encoding="UTF-8"?>
<!-- Generated by org.testng.reporters.JUnitReportReporter -->
<testsuite name="testPackage2.VerifyCmLogin" tests="2" time="8.059" ignored="0" failures="0" timestamp="06 Apr 2018 12:27:38 GMT" skipped="0" hostname="EXIND3901" errors="0">
  <testcase name="cmLogin" time="2.441" classname="testPackage2.VerifyCmLogin"/>
  <testcase name="openURL_CM" time="5.618" classname="testPackage2.VerifyCmLogin"/>
</testsuite> <!-- testPackage2.VerifyCmLogin -->
